<?xml version="1.0" encoding="utf-8"?>
<TestRun id="a82fa236-740f-41c1-9405-05f25b3793a2" name="@runnervmeorf1 2026-05-13 14:30:59" xmlns="http://microsoft.com/schemas/VisualStudio/TeamTest/2010">
  <Times creation="2026-05-13T14:30:59.8828087+00:00" queuing="2026-05-13T14:30:59.8828088+00:00" start="2026-05-13T14:30:57.5143849+00:00" finish="2026-05-13T14:30:59.8972877+00:00" />
  <TestSettings name="default" id="22463bab-cc18-4e22-be91-096092108145">
    <Deployment runDeploymentRoot="_runnervmeorf1_2026-05-13_14_30_59" />
  </TestSettings>
  <Results>
    <UnitTestResult executionId="336f7c2e-45d2-4b44-840f-321670672f36" testId="d3ceb425-b885-5ca8-a602-d20e5454161a" testName="OpenOnboarding.Pact.Tests.Providers.WorkflowProviderTests.OpenOnboardingApi_HonoursWorkflowConsumerPact" computerName="runnervmeorf1" duration="00:00:01.3374904" startTime="2026-05-13T14:30:59.7654055+00:00" endTime="2026-05-13T14:30:59.7654364+00:00" testType="13cdc9d9-ddb5-4fa4-a97d-d965ccfc6d4b" outcome="Failed" testListId="8c84fa94-04c1-424b-9868-57a2d4851a1d" relativeResultsDirectory="336f7c2e-45d2-4b44-840f-321670672f36">
      <Output>
        <ErrorInfo>
          <Message>Npgsql.NpgsqlException : Failed to connect to 127.0.0.1:5432
---- System.Net.Sockets.SocketException : Connection refused</Message>
          <StackTrace>   at Npgsql.Internal.NpgsqlConnector.ConnectAsync(NpgsqlTimeout timeout, CancellationToken cancellationToken)
   at Npgsql.Internal.NpgsqlConnector.RawOpen(NpgsqlTimeout timeout, Boolean async, CancellationToken cancellationToken)
   at Npgsql.Internal.NpgsqlConnector.&lt;Open&gt;g__OpenCore|209_0(NpgsqlConnector conn, String username, SslMode sslMode, GssEncryptionMode gssEncMode, NpgsqlTimeout timeout, Boolean async, CancellationToken cancellationToken)
   at Npgsql.Internal.NpgsqlConnector.Open(NpgsqlTimeout timeout, Boolean async, CancellationToken cancellationToken)
   at Npgsql.PoolingDataSource.OpenNewConnector(NpgsqlConnection conn, NpgsqlTimeout timeout, Boolean async, CancellationToken cancellationToken)
   at Npgsql.PoolingDataSource.&lt;Get&gt;g__RentAsync|33_0(NpgsqlConnection conn, NpgsqlTimeout timeout, Boolean async, CancellationToken cancellationToken)
   at Npgsql.NpgsqlConnection.&lt;Open&gt;g__OpenAsync|42_0(Boolean async, CancellationToken cancellationToken)
   at Microsoft.EntityFrameworkCore.Storage.RelationalConnection.OpenInternalAsync(Boolean errorsExpected, CancellationToken cancellationToken)
   at Microsoft.EntityFrameworkCore.Storage.RelationalConnection.OpenInternalAsync(Boolean errorsExpected, CancellationToken cancellationToken)
   at Microsoft.EntityFrameworkCore.Storage.RelationalConnection.OpenAsync(CancellationToken cancellationToken, Boolean errorsExpected)
   at Microsoft.EntityFrameworkCore.Storage.RelationalCommand.ExecuteReaderAsync(RelationalCommandParameterObject parameterObject, CancellationToken cancellationToken)
   at Microsoft.EntityFrameworkCore.Migrations.HistoryRepository.GetAppliedMigrationsAsync(CancellationToken cancellationToken)
   at Npgsql.EntityFrameworkCore.PostgreSQL.Migrations.Internal.NpgsqlHistoryRepository.GetAppliedMigrationsAsync(CancellationToken cancellationToken)
   at Npgsql.EntityFrameworkCore.PostgreSQL.Migrations.Internal.NpgsqlMigrator.MigrateAsync(String targetMigration, CancellationToken cancellationToken)
   at Program.&lt;Main&gt;$(String[] args) in /home/runner/work/Waymark/Waymark/src/backend/OpenOnboarding.Api/Program.cs:line 140
   at Program.&lt;Main&gt;$(String[] args) in /home/runner/work/Waymark/Waymark/src/backend/OpenOnboarding.Api/Program.cs:line 142
   at Program.&lt;Main&gt;(String[] args)
   at System.Reflection.MethodBaseInvoker.InterpretedInvoke_Method(Object obj, IntPtr* args)
   at System.Reflection.MethodBaseInvoker.InvokeDirectByRefWithFewArgs(Object obj, Span`1 copyOfArgs, BindingFlags invokeAttr)
--- End of stack trace from previous location ---
   at Microsoft.AspNetCore.Mvc.Testing.DeferredHostBuilder.DeferredHost.StartAsync(CancellationToken cancellationToken)
   at Microsoft.Extensions.Hosting.HostingAbstractionsHostExtensions.Start(IHost host)
   at Microsoft.AspNetCore.Mvc.Testing.WebApplicationFactory`1.CreateHost(IHostBuilder builder)
   at Microsoft.AspNetCore.Mvc.Testing.WebApplicationFactory`1.ConfigureHostBuilder(IHostBuilder hostBuilder)
   at Microsoft.AspNetCore.Mvc.Testing.WebApplicationFactory`1.StartServer()
   at Microsoft.AspNetCore.Mvc.Testing.WebApplicationFactory`1.CreateDefaultClient(DelegatingHandler[] handlers)
   at Microsoft.AspNetCore.Mvc.Testing.WebApplicationFactory`1.CreateDefaultClient(Uri baseAddress, DelegatingHandler[] handlers)
   at Microsoft.AspNetCore.Mvc.Testing.WebApplicationFactory`1.CreateClient(WebApplicationFactoryClientOptions options)
   at Microsoft.AspNetCore.Mvc.Testing.WebApplicationFactory`1.CreateClient()
   at OpenOnboarding.Pact.Tests.Providers.WorkflowProviderTests.OpenOnboardingApi_HonoursWorkflowConsumerPact() in /home/runner/work/Waymark/Waymark/src/backend/OpenOnboarding.Pact.Tests/Providers/WorkflowProviderTests.cs:line 39
--- End of stack trace from previous location ---
----- Inner Stack Trace -----
   at System.Net.Sockets.Socket.AwaitableSocketAsyncEventArgs.ThrowException(SocketError error, CancellationToken cancellationToken)
   at System.Net.Sockets.Socket.AwaitableSocketAsyncEventArgs.System.Threading.Tasks.Sources.IValueTaskSource.GetResult(Int16 token)
   at Npgsql.Internal.NpgsqlConnector.ConnectAsync(NpgsqlTimeout timeout, CancellationToken cancellationToken)</StackTrace>
        </ErrorInfo>
      </Output>
    </UnitTestResult>
  </Results>
  <TestDefinitions>
    <UnitTest name="OpenOnboarding.Pact.Tests.Providers.WorkflowProviderTests.OpenOnboardingApi_HonoursWorkflowConsumerPact" storage="/home/runner/work/waymark/waymark/src/backend/openonboarding.pact.tests/bin/debug/net10.0/openonboarding.pact.tests.dll" id="d3ceb425-b885-5ca8-a602-d20e5454161a">
      <Execution id="336f7c2e-45d2-4b44-840f-321670672f36" />
      <TestMethod codeBase="/home/runner/work/Waymark/Waymark/src/backend/OpenOnboarding.Pact.Tests/bin/Debug/net10.0/OpenOnboarding.Pact.Tests.dll" adapterTypeName="executor://xunit/VsTestRunner2/netcoreapp" className="OpenOnboarding.Pact.Tests.Providers.WorkflowProviderTests" name="OpenOnboardingApi_HonoursWorkflowConsumerPact" />
    </UnitTest>
  </TestDefinitions>
  <TestEntries>
    <TestEntry testId="d3ceb425-b885-5ca8-a602-d20e5454161a" executionId="336f7c2e-45d2-4b44-840f-321670672f36" testListId="8c84fa94-04c1-424b-9868-57a2d4851a1d" />
  </TestEntries>
  <TestLists>
    <TestList name="Results Not in a List" id="8c84fa94-04c1-424b-9868-57a2d4851a1d" />
    <TestList name="All Loaded Results" id="19431567-8539-422a-85d7-44ee4e166bda" />
  </TestLists>
  <ResultSummary outcome="Failed">
    <Counters total="1" executed="1" passed="0" failed="1" error="0" timeout="0" aborted="0" inconclusive="0" passedButRunAborted="0" notRunnable="0" notExecuted="0" disconnected="0" warning="0" completed="0" inProgress="0" pending="0" />
    <Output>
      <StdOut>[xUnit.net 00:00:00.00] xUnit.net VSTest Adapter v2.8.2+699d445a1a (64-bit .NET 10.0.5)
[xUnit.net 00:00:00.12]   Discovering: OpenOnboarding.Pact.Tests
[xUnit.net 00:00:00.17]   Discovered:  OpenOnboarding.Pact.Tests
[xUnit.net 00:00:00.17]   Starting:    OpenOnboarding.Pact.Tests
fail: Microsoft.EntityFrameworkCore.Database.Connection[20004]
      An error occurred using the connection to database 'open_onboarding' on server 'tcp://localhost:5432'.
[xUnit.net 00:00:01.60]       Npgsql.NpgsqlException : Failed to connect to 127.0.0.1:5432
[xUnit.net 00:00:01.60]       ---- System.Net.Sockets.SocketException : Connection refused
[xUnit.net 00:00:01.60]       Stack Trace:
[xUnit.net 00:00:01.60]            at Npgsql.Internal.NpgsqlConnector.ConnectAsync(NpgsqlTimeout timeout, CancellationToken cancellationToken)
[xUnit.net 00:00:01.60]            at Npgsql.Internal.NpgsqlConnector.RawOpen(NpgsqlTimeout timeout, Boolean async, CancellationToken cancellationToken)
[xUnit.net 00:00:01.60]            at Npgsql.Internal.NpgsqlConnector.&lt;Open&gt;g__OpenCore|209_0(NpgsqlConnector conn, String username, SslMode sslMode, GssEncryptionMode gssEncMode, NpgsqlTimeout timeout, Boolean async, CancellationToken cancellationToken)
[xUnit.net 00:00:01.60]            at Npgsql.Internal.NpgsqlConnector.Open(NpgsqlTimeout timeout, Boolean async, CancellationToken cancellationToken)
[xUnit.net 00:00:01.60]            at Npgsql.PoolingDataSource.OpenNewConnector(NpgsqlConnection conn, NpgsqlTimeout timeout, Boolean async, CancellationToken cancellationToken)
[xUnit.net 00:00:01.60]            at Npgsql.PoolingDataSource.&lt;Get&gt;g__RentAsync|33_0(NpgsqlConnection conn, NpgsqlTimeout timeout, Boolean async, CancellationToken cancellationToken)
[xUnit.net 00:00:01.60]            at Npgsql.NpgsqlConnection.&lt;Open&gt;g__OpenAsync|42_0(Boolean async, CancellationToken cancellationToken)
[xUnit.net 00:00:01.60]            at Microsoft.EntityFrameworkCore.Storage.RelationalConnection.OpenInternalAsync(Boolean errorsExpected, CancellationToken cancellationToken)
[xUnit.net 00:00:01.60]            at Microsoft.EntityFrameworkCore.Storage.RelationalConnection.OpenInternalAsync(Boolean errorsExpected, CancellationToken cancellationToken)
[xUnit.net 00:00:01.60]            at Microsoft.EntityFrameworkCore.Storage.RelationalConnection.OpenAsync(CancellationToken cancellationToken, Boolean errorsExpected)
[xUnit.net 00:00:01.60]            at Microsoft.EntityFrameworkCore.Storage.RelationalCommand.ExecuteReaderAsync(RelationalCommandParameterObject parameterObject, CancellationToken cancellationToken)
[xUnit.net 00:00:01.60]            at Microsoft.EntityFrameworkCore.Migrations.HistoryRepository.GetAppliedMigrationsAsync(CancellationToken cancellationToken)
[xUnit.net 00:00:01.60]            at Npgsql.EntityFrameworkCore.PostgreSQL.Migrations.Internal.NpgsqlHistoryRepository.GetAppliedMigrationsAsync(CancellationToken cancellationToken)
[xUnit.net 00:00:01.60]            at Npgsql.EntityFrameworkCore.PostgreSQL.Migrations.Internal.NpgsqlMigrator.MigrateAsync(String targetMigration, CancellationToken cancellationToken)
[xUnit.net 00:00:01.60]         /home/runner/work/Waymark/Waymark/src/backend/OpenOnboarding.Api/Program.cs(140,0): at Program.&lt;Main&gt;$(String[] args)
[xUnit.net 00:00:01.60]         /home/runner/work/Waymark/Waymark/src/backend/OpenOnboarding.Api/Program.cs(142,0): at Program.&lt;Main&gt;$(String[] args)
[xUnit.net 00:00:01.60]            at Program.&lt;Main&gt;(String[] args)
[xUnit.net 00:00:01.60]            at System.Reflection.MethodBaseInvoker.InterpretedInvoke_Method(Object obj, IntPtr* args)
[xUnit.net 00:00:01.60]            at System.Reflection.MethodBaseInvoker.InvokeDirectByRefWithFewArgs(Object obj, Span`1 copyOfArgs, BindingFlags invokeAttr)
[xUnit.net 00:00:01.60]         --- End of stack trace from previous location ---
[xUnit.net 00:00:01.60]            at Microsoft.AspNetCore.Mvc.Testing.DeferredHostBuilder.DeferredHost.StartAsync(CancellationToken cancellationToken)
[xUnit.net 00:00:01.60]            at Microsoft.Extensions.Hosting.HostingAbstractionsHostExtensions.Start(IHost host)
[xUnit.net 00:00:01.60]            at Microsoft.AspNetCore.Mvc.Testing.WebApplicationFactory`1.CreateHost(IHostBuilder builder)
[xUnit.net 00:00:01.60]            at Microsoft.AspNetCore.Mvc.Testing.WebApplicationFactory`1.ConfigureHostBuilder(IHostBuilder hostBuilder)
[xUnit.net 00:00:01.60]            at Microsoft.AspNetCore.Mvc.Testing.WebApplicationFactory`1.StartServer()
[xUnit.net 00:00:01.60]            at Microsoft.AspNetCore.Mvc.Testing.WebApplicationFactory`1.CreateDefaultClient(DelegatingHandler[] handlers)
[xUnit.net 00:00:01.60]            at Microsoft.AspNetCore.Mvc.Testing.WebApplicationFactory`1.CreateDefaultClient(Uri baseAddress, DelegatingHandler[] handlers)
[xUnit.net 00:00:01.60]            at Microsoft.AspNetCore.Mvc.Testing.WebApplicationFactory`1.CreateClient(WebApplicationFactoryClientOptions options)
[xUnit.net 00:00:01.60]            at Microsoft.AspNetCore.Mvc.Testing.WebApplicationFactory`1.CreateClient()
[xUnit.net 00:00:01.60]         /home/runner/work/Waymark/Waymark/src/backend/OpenOnboarding.Pact.Tests/Providers/WorkflowProviderTests.cs(39,0): at OpenOnboarding.Pact.Tests.Providers.WorkflowProviderTests.OpenOnboardingApi_HonoursWorkflowConsumerPact()
[xUnit.net 00:00:01.60]         --- End of stack trace from previous location ---
[xUnit.net 00:00:01.60]         ----- Inner Stack Trace -----
[xUnit.net 00:00:01.60]            at System.Net.Sockets.Socket.AwaitableSocketAsyncEventArgs.ThrowException(SocketError error, CancellationToken cancellationToken)
[xUnit.net 00:00:01.60]            at System.Net.Sockets.Socket.AwaitableSocketAsyncEventArgs.System.Threading.Tasks.Sources.IValueTaskSource.GetResult(Int16 token)
[xUnit.net 00:00:01.60]            at Npgsql.Internal.NpgsqlConnector.ConnectAsync(NpgsqlTimeout timeout, CancellationToken cancellationToken)
[xUnit.net 00:00:01.61]   Finished:    OpenOnboarding.Pact.Tests
</StdOut>
    </Output>
    <RunInfos>
      <RunInfo computerName="runnervmeorf1" outcome="Error" timestamp="2026-05-13T14:30:59.7593242+00:00">
        <Text>[xUnit.net 00:00:01.60]     OpenOnboarding.Pact.Tests.Providers.WorkflowProviderTests.OpenOnboardingApi_HonoursWorkflowConsumerPact [FAIL]</Text>
      </RunInfo>
    </RunInfos>
  </ResultSummary>
</TestRun>